[1m━━━━━━━━━━━━━━━━━━━━━━━━━━━━━━━━━━━━━━━━[0m
[1m  GSD Milestone — 3 phases[0m
[1m━━━━━━━━━━━━━━━━━━━━━━━━━━━━━━━━━━━━━━━━[0m
[1m[36m━━━ GSD ► PHASE 5: Interaktion & Layout (Interaction & Layout Enhancements) ━━━[0m
[36m◆ discuss[0m
[16:19:07] [INIT] Session started — model: inherit, tools: 23, cwd: /Volumes/SanDisk1TB/proj/Payer
[90m[16:19:07] There's an issue with the selected model (inherit). It may not exist or you may not have access to it. Run --model to pick a different model.[0m
[16:19:07] [32m✓ Session complete — cost: $0.00, turns: 1, duration: 0.1s[0m
[31m✗ discuss[0m [90m1106ms[0m
[36m◆ discuss[0m
[16:19:08] [INIT] Session started — model: inherit, tools: 23, cwd: /Volumes/SanDisk1TB/proj/Payer
[90m[16:19:09] There's an issue with the selected model (inherit). It may not exist or you may not have access to it. Run --model to pick a different model.[0m
[16:19:09] [32m✓ Session complete — cost: $0.00, turns: 1, duration: 0.1s[0m
[31m✗ discuss[0m [90m1121ms[0m
[36m◆ research[0m
[16:19:10] [INIT] Session started — model: inherit, tools: 23, cwd: /Volumes/SanDisk1TB/proj/Payer
[90m[16:19:10] There's an issue with the selected model (inherit). It may not exist or you may not have access to it. Run --model to pick a different model.[0m
[16:19:10] [32m✓ Session complete — cost: $0.00, turns: 1, duration: 0.1s[0m
[31m✗ research[0m [90m1081ms[0m
[36m◆ research[0m
[16:19:11] [INIT] Session started — model: inherit, tools: 23, cwd: /Volumes/SanDisk1TB/proj/Payer
[90m[16:19:11] There's an issue with the selected model (inherit). It may not exist or you may not have access to it. Run --model to pick a different model.[0m
[16:19:11] [32m✓ Session complete — cost: $0.00, turns: 1, duration: 0.1s[0m
[31m✗ research[0m [90m1108ms[0m
[36m◆ plan[0m
[16:19:12] [INIT] Session started — model: inherit, tools: 23, cwd: /Volumes/SanDisk1TB/proj/Payer
[90m[16:19:12] There's an issue with the selected model (inherit). It may not exist or you may not have access to it. Run --model to pick a different model.[0m
[16:19:12] [32m✓ Session complete — cost: $0.00, turns: 1, duration: 0.1s[0m
[31m✗ plan[0m [90m1080ms[0m
[36m◆ plan[0m
[16:19:13] [INIT] Session started — model: inherit, tools: 23, cwd: /Volumes/SanDisk1TB/proj/Payer
[90m[16:19:13] There's an issue with the selected model (inherit). It may not exist or you may not have access to it. Run --model to pick a different model.[0m
[16:19:13] [32m✓ Session complete — cost: $0.00, turns: 1, duration: 0.1s[0m
[31m✗ plan[0m [90m1107ms[0m
[36m◆ plan_check[0m
[16:19:14] [INIT] Session started — model: inherit, tools: 23, cwd: /Volumes/SanDisk1TB/proj/Payer
[90m[16:19:14] There's an issue with the selected model (inherit). It may not exist or you may not have access to it. Run --model to pick a different model.[0m
[16:19:14] [32m✓ Session complete — cost: $0.00, turns: 1, duration: 0.1s[0m
[31m✗ plan_check[0m [90m1057ms[0m
[36m◆ plan_check[0m
[16:19:15] [INIT] Session started — model: inherit, tools: 23, cwd: /Volumes/SanDisk1TB/proj/Payer
[90m[16:19:15] There's an issue with the selected model (inherit). It may not exist or you may not have access to it. Run --model to pick a different model.[0m
[16:19:15] [32m✓ Session complete — cost: $0.00, turns: 1, duration: 0.1s[0m
[31m✗ plan_check[0m [90m1077ms[0m
[36m◆ plan[0m
[16:19:16] [INIT] Session started — model: inherit, tools: 23, cwd: /Volumes/SanDisk1TB/proj/Payer
[90m[16:19:16] There's an issue with the selected model (inherit). It may not exist or you may not have access to it. Run --model to pick a different model.[0m
[16:19:16] [32m✓ Session complete — cost: $0.00, turns: 1, duration: 0.1s[0m
[31m✗ plan[0m [90m1133ms[0m
[36m◆ plan_check[0m
[16:19:17] [INIT] Session started — model: inherit, tools: 23, cwd: /Volumes/SanDisk1TB/proj/Payer
[90m[16:19:17] There's an issue with the selected model (inherit). It may not exist or you may not have access to it. Run --model to pick a different model.[0m
[16:19:17] [32m✓ Session complete — cost: $0.00, turns: 1, duration: 0.1s[0m
[31m✗ plan_check[0m [90m1038ms[0m
[36m◆ execute[0m
[32m✓ execute[0m [90m104ms[0m
[36m◆ verify[0m
[16:19:19] [INIT] Session started — model: inherit, tools: 23, cwd: /Volumes/SanDisk1TB/proj/Payer
[90m[16:19:19] There's an issue with the selected model (inherit). It may not exist or you may not have access to it. Run --model to pick a different model.[0m
[16:19:19] [32m✓ Session complete — cost: $0.00, turns: 1, duration: 0.1s[0m
[36m◆ plan[0m
[16:19:20] [INIT] Session started — model: inherit, tools: 23, cwd: /Volumes/SanDisk1TB/proj/Payer
[90m[16:19:20] There's an issue with the selected model (inherit). It may not exist or you may not have access to it. Run --model to pick a different model.[0m
[16:19:20] [32m✓ Session complete — cost: $0.00, turns: 1, duration: 0.1s[0m
[31m✗ plan[0m [90m1081ms[0m
[36m◆ execute[0m
[32m✓ execute[0m [90m72ms[0m
[16:19:21] [INIT] Session started — model: inherit, tools: 23, cwd: /Volumes/SanDisk1TB/proj/Payer
[90m[16:19:21] There's an issue with the selected model (inherit). It may not exist or you may not have access to it. Run --model to pick a different model.[0m
[16:19:21] [32m✓ Session complete — cost: $0.00, turns: 1, duration: 0.1s[0m
[31m✗ verify[0m [90m3380ms[0m
[16:19:21] [PHASE] Phase 5 complete — success: false, cost: $0.00, running: $0.00
[1m━━━ Milestone complete — success: false, cost: $0.00, running: $0.00 ━━━[0m

[FAILED] 1 phase(s), $0.00, 14.8s
